This file contains any messages produced by compilers while
running configure, to aid debugging if configure makes a mistake.

It was created by Google C++ Testing Framework configure 1.4.0, which was
generated by GNU Autoconf 2.65.  Invocation command line was

  $ ./configure --disable-option-checking --prefix=/usr/local --enable-static --disable-shared --cache-file=/dev/null --srcdir=.

## --------- ##
## Platform. ##
## --------- ##

hostname = MattBookPro.local
uname -m = x86_64
uname -r = 12.2.0
uname -s = Darwin
uname -v = Darwin Kernel Version 12.2.0: Sat Aug 25 00:48:52 PDT 2012; root:xnu-2050.18.24~1/RELEASE_X86_64

/usr/bin/uname -p = i386
/bin/uname -X     = unknown

/bin/arch              = unknown
/usr/bin/arch -k       = unknown
/usr/convex/getsysinfo = unknown
/usr/bin/hostinfo      = Mach kernel version:
	 Darwin Kernel Version 12.2.0: Sat Aug 25 00:48:52 PDT 2012; root:xnu-2050.18.24~1/RELEASE_X86_64
Kernel configured for up to 4 processors.
2 processors are physically available.
4 processors are logically available.
Processor type: i486 (Intel 80486)
Processors active: 0 1 2 3
Primary memory available: 8.00 gigabytes
Default processor set: 177 tasks, 814 threads, 4 processors
Load average: 2.02, Mach factor: 2.04
/bin/machine           = unknown
/usr/bin/oslevel       = unknown
/bin/universe          = unknown

PATH: /Users/matt/.rvm/gems/ruby-1.9.3-p286/bin
PATH: /Users/matt/.rvm/gems/ruby-1.9.3-p286@global/bin
PATH: /Users/matt/.rvm/rubies/ruby-1.9.3-p286/bin
PATH: /Users/matt/.rvm/bin
PATH: /Library/Java/JavaVirtualMachines/1.7.0.jdk/Contents/Home/bin
PATH: /opt/subversion/bin
PATH: /usr/local/bin
PATH: /usr/local/sbin
PATH: /usr/local/mysql/bin
PATH: /Users/matt/bin
PATH: /usr/bin
PATH: /bin
PATH: /usr/sbin
PATH: /sbin
PATH: /opt/X11/bin
PATH: /Users/matt/ec2/bin


## ----------- ##
## Core tests. ##
## ----------- ##

configure:2405: checking for a BSD-compatible install
configure:2473: result: /usr/bin/install -c
configure:2484: checking whether build environment is sane
configure:2534: result: yes
configure:2675: checking for a thread-safe mkdir -p
configure:2714: result: build-aux/install-sh -c -d
configure:2727: checking for gawk
configure:2757: result: no
configure:2727: checking for mawk
configure:2757: result: no
configure:2727: checking for nawk
configure:2757: result: no
configure:2727: checking for awk
configure:2743: found /usr/bin/awk
configure:2754: result: awk
configure:2765: checking whether make sets $(MAKE)
configure:2787: result: yes
configure:2917: checking for gcc
configure:2933: found /usr/bin/gcc
configure:2944: result: gcc
configure:3173: checking for C compiler version
configure:3182: gcc --version >&5
i686-apple-darwin11-llvm-gcc-4.2 (GCC) 4.2.1 (Based on Apple Inc. build 5658) (LLVM build 2336.11.00)
Copyright (C) 2007 Free Software Foundation, Inc.
This is free software; see the source for copying conditions.  There is NO
warranty; not even for MERCHANTABILITY or FITNESS FOR A PARTICULAR PURPOSE.

configure:3193: $? = 0
configure:3182: gcc -v >&5
Using built-in specs.
Target: i686-apple-darwin11
Configured with: /private/var/tmp/llvmgcc42/llvmgcc42-2336.11~67/src/configure --disable-checking --enable-werror --prefix=/Applications/Xcode.app/Contents/Developer/usr/llvm-gcc-4.2 --mandir=/share/man --enable-languages=c,objc,c++,obj-c++ --program-prefix=llvm- --program-transform-name=/^[cg][^.-]*$/s/$/-4.2/ --with-slibdir=/usr/lib --build=i686-apple-darwin11 --enable-llvm=/private/var/tmp/llvmgcc42/llvmgcc42-2336.11~67/dst-llvmCore/Developer/usr/local --program-prefix=i686-apple-darwin11- --host=x86_64-apple-darwin11 --target=i686-apple-darwin11 --with-gxx-include-dir=/usr/include/c++/4.2.1
Thread model: posix
gcc version 4.2.1 (Based on Apple Inc. build 5658) (LLVM build 2336.11.00)
configure:3193: $? = 0
configure:3182: gcc -V >&5
llvm-gcc-4.2: argument to `-V' is missing
configure:3193: $? = 1
configure:3182: gcc -qversion >&5
i686-apple-darwin11-llvm-gcc-4.2: no input files
configure:3193: $? = 1
configure:3213: checking whether the C compiler works
configure:3235: gcc    conftest.c  >&5
configure:3239: $? = 0
configure:3288: result: yes
configure:3291: checking for C compiler default output file name
configure:3293: result: a.out
configure:3299: checking for suffix of executables
configure:3306: gcc -o conftest    conftest.c  >&5
configure:3310: $? = 0
configure:3332: result: 
configure:3354: checking whether we are cross compiling
configure:3362: gcc -o conftest    conftest.c  >&5
configure:3366: $? = 0
configure:3373: ./conftest
configure:3377: $? = 0
configure:3392: result: no
configure:3397: checking for suffix of object files
configure:3419: gcc -c   conftest.c >&5
configure:3423: $? = 0
configure:3444: result: o
configure:3448: checking whether we are using the GNU C compiler
configure:3467: gcc -c   conftest.c >&5
configure:3467: $? = 0
configure:3476: result: yes
configure:3485: checking whether gcc accepts -g
configure:3505: gcc -c -g  conftest.c >&5
configure:3505: $? = 0
configure:3546: result: yes
configure:3563: checking for gcc option to accept ISO C89
configure:3627: gcc  -c   conftest.c >&5
configure:3627: $? = 0
configure:3640: result: none needed
configure:3671: checking for style of include used by make
configure:3699: result: GNU
configure:3724: checking dependency style of gcc
configure:3834: result: gcc3
configure:3907: checking for g++
configure:3923: found /usr/bin/g++
configure:3934: result: g++
configure:3961: checking for C++ compiler version
configure:3970: g++ --version >&5
i686-apple-darwin11-llvm-g++-4.2 (GCC) 4.2.1 (Based on Apple Inc. build 5658) (LLVM build 2336.11.00)
Copyright (C) 2007 Free Software Foundation, Inc.
This is free software; see the source for copying conditions.  There is NO
warranty; not even for MERCHANTABILITY or FITNESS FOR A PARTICULAR PURPOSE.

configure:3981: $? = 0
configure:3970: g++ -v >&5
Using built-in specs.
Target: i686-apple-darwin11
Configured with: /private/var/tmp/llvmgcc42/llvmgcc42-2336.11~67/src/configure --disable-checking --enable-werror --prefix=/Applications/Xcode.app/Contents/Developer/usr/llvm-gcc-4.2 --mandir=/share/man --enable-languages=c,objc,c++,obj-c++ --program-prefix=llvm- --program-transform-name=/^[cg][^.-]*$/s/$/-4.2/ --with-slibdir=/usr/lib --build=i686-apple-darwin11 --enable-llvm=/private/var/tmp/llvmgcc42/llvmgcc42-2336.11~67/dst-llvmCore/Developer/usr/local --program-prefix=i686-apple-darwin11- --host=x86_64-apple-darwin11 --target=i686-apple-darwin11 --with-gxx-include-dir=/usr/include/c++/4.2.1
Thread model: posix
gcc version 4.2.1 (Based on Apple Inc. build 5658) (LLVM build 2336.11.00)
configure:3981: $? = 0
configure:3970: g++ -V >&5
llvm-g++-4.2: argument to `-V' is missing
configure:3981: $? = 1
configure:3970: g++ -qversion >&5
i686-apple-darwin11-llvm-g++-4.2: no input files
configure:3981: $? = 1
configure:3985: checking whether we are using the GNU C++ compiler
configure:4004: g++ -c  -g -DNDEBUG  conftest.cpp >&5
configure:4004: $? = 0
configure:4013: result: yes
configure:4022: checking whether g++ accepts -g
configure:4042: g++ -c -g  conftest.cpp >&5
configure:4042: $? = 0
configure:4083: result: yes
configure:4108: checking dependency style of g++
configure:4218: result: gcc3
configure:4268: checking build system type
configure:4282: result: i386-apple-darwin12.2.0
configure:4302: checking host system type
configure:4315: result: i386-apple-darwin12.2.0
configure:4335: checking for a sed that does not truncate output
configure:4399: result: /usr/bin/sed
configure:4417: checking for grep that handles long lines and -e
configure:4475: result: /usr/bin/grep
configure:4480: checking for egrep
configure:4542: result: /usr/bin/grep -E
configure:4547: checking for fgrep
configure:4609: result: /usr/bin/grep -F
configure:4644: checking for ld used by gcc
configure:4711: result: /usr/llvm-gcc-4.2/libexec/gcc/i686-apple-darwin11/4.2.1/ld
configure:4718: checking if the linker (/usr/llvm-gcc-4.2/libexec/gcc/i686-apple-darwin11/4.2.1/ld) is GNU ld
configure:4733: result: no
configure:4745: checking for BSD- or MS-compatible name lister (nm)
configure:4794: result: /usr/bin/nm
configure:4912: checking the name lister (/usr/bin/nm) interface
configure:4919: g++ -c  -g -DNDEBUG  conftest.cpp >&5
configure:4922: /usr/bin/nm "conftest.o"
configure:4925: output
00000000000001c0 S _some_variable
configure:4932: result: BSD nm
configure:4935: checking whether ln -s works
configure:4939: result: yes
configure:4947: checking the maximum length of command line arguments
configure:5067: result: 196608
configure:5084: checking whether the shell understands some XSI constructs
configure:5094: result: yes
configure:5098: checking whether the shell understands "+="
configure:5104: result: yes
configure:5139: checking for /usr/llvm-gcc-4.2/libexec/gcc/i686-apple-darwin11/4.2.1/ld option to reload object files
configure:5146: result: -r
configure:5215: checking for objdump
configure:5245: result: no
configure:5274: checking how to recognize dependent libraries
configure:5470: result: pass_all
configure:5530: checking for ar
configure:5546: found /usr/bin/ar
configure:5557: result: ar
configure:5635: checking for strip
configure:5651: found /usr/bin/strip
configure:5662: result: strip
configure:5734: checking for ranlib
configure:5750: found /usr/bin/ranlib
configure:5761: result: ranlib
configure:5851: checking command to parse /usr/bin/nm output from gcc object
configure:5969: g++ -c  -g -DNDEBUG  conftest.cpp >&5
configure:5972: $? = 0
configure:5976: /usr/bin/nm conftest.o \| sed -n -e 's/^.*[	 ]\([BCDEGRST][BCDEGRST]*\)[	 ][	 ]*\([_A-Za-z][_A-Za-z0-9]*\)$/\1 \2 \2/p' \> conftest.nm
configure:5979: $? = 0
cannot find nm_test_var in conftest.nm
configure:5969: g++ -c  -g -DNDEBUG  conftest.cpp >&5
configure:5972: $? = 0
configure:5976: /usr/bin/nm conftest.o \| sed -n -e 's/^.*[	 ]\([BCDEGRST][BCDEGRST]*\)[	 ][	 ]*_\([_A-Za-z][_A-Za-z0-9]*\)$/\1 _\2 \2/p' \> conftest.nm
configure:5979: $? = 0
configure:6033: g++ -o conftest  -g -DNDEBUG   conftest.cpp conftstm.o >&5
configure:6036: $? = 0
configure:6074: result: ok
configure:6339: checking for dsymutil
configure:6355: found /usr/bin/dsymutil
configure:6366: result: dsymutil
configure:6431: checking for nmedit
configure:6447: found /usr/bin/nmedit
configure:6458: result: nmedit
configure:6523: checking for lipo
configure:6539: found /usr/bin/lipo
configure:6550: result: lipo
configure:6615: checking for otool
configure:6631: found /usr/bin/otool
configure:6642: result: otool
configure:6707: checking for otool64
configure:6737: result: no
configure:6782: checking for -single_module linker flag
gcc   -o libconftest.dylib -dynamiclib -Wl,-single_module conftest.c
configure:6809: result: yes
configure:6811: checking for -exported_symbols_list linker flag
configure:6831: g++ -o conftest  -g -DNDEBUG   -Wl,-exported_symbols_list,conftest.sym conftest.cpp  >&5
configure:6831: $? = 0
configure:6841: result: yes
configure:6883: checking how to run the C preprocessor
configure:6914: gcc -E  conftest.c
configure:6914: $? = 0
configure:6928: gcc -E  conftest.c
conftest.c:11:28: error: ac_nonexistent.h: No such file or directory
configure:6928: $? = 1
configure: failed program was:
| /* confdefs.h */
| #define PACKAGE_NAME "Google C++ Testing Framework"
| #define PACKAGE_TARNAME "gtest"
| #define PACKAGE_VERSION "1.4.0"
| #define PACKAGE_STRING "Google C++ Testing Framework 1.4.0"
| #define PACKAGE_BUGREPORT "googletestframework@googlegroups.com"
| #define PACKAGE_URL ""
| #define PACKAGE "gtest"
| #define VERSION "1.4.0"
| /* end confdefs.h.  */
| #include <ac_nonexistent.h>
configure:6953: result: gcc -E
configure:6973: gcc -E  conftest.c
configure:6973: $? = 0
configure:6987: gcc -E  conftest.c
conftest.c:11:28: error: ac_nonexistent.h: No such file or directory
configure:6987: $? = 1
configure: failed program was:
| /* confdefs.h */
| #define PACKAGE_NAME "Google C++ Testing Framework"
| #define PACKAGE_TARNAME "gtest"
| #define PACKAGE_VERSION "1.4.0"
| #define PACKAGE_STRING "Google C++ Testing Framework 1.4.0"
| #define PACKAGE_BUGREPORT "googletestframework@googlegroups.com"
| #define PACKAGE_URL ""
| #define PACKAGE "gtest"
| #define VERSION "1.4.0"
| /* end confdefs.h.  */
| #include <ac_nonexistent.h>
configure:7016: checking for ANSI C header files
configure:7036: gcc -c   conftest.c >&5
configure:7036: $? = 0
configure:7109: gcc -o conftest    conftest.c  >&5
configure:7109: $? = 0
configure:7109: ./conftest
configure:7109: $? = 0
configure:7120: result: yes
configure:7133: checking for sys/types.h
configure:7133: gcc -c   conftest.c >&5
configure:7133: $? = 0
configure:7133: result: yes
configure:7133: checking for sys/stat.h
configure:7133: gcc -c   conftest.c >&5
configure:7133: $? = 0
configure:7133: result: yes
configure:7133: checking for stdlib.h
configure:7133: gcc -c   conftest.c >&5
configure:7133: $? = 0
configure:7133: result: yes
configure:7133: checking for string.h
configure:7133: gcc -c   conftest.c >&5
configure:7133: $? = 0
configure:7133: result: yes
configure:7133: checking for memory.h
configure:7133: gcc -c   conftest.c >&5
configure:7133: $? = 0
configure:7133: result: yes
configure:7133: checking for strings.h
configure:7133: gcc -c   conftest.c >&5
configure:7133: $? = 0
configure:7133: result: yes
configure:7133: checking for inttypes.h
configure:7133: gcc -c   conftest.c >&5
configure:7133: $? = 0
configure:7133: result: yes
configure:7133: checking for stdint.h
configure:7133: gcc -c   conftest.c >&5
configure:7133: $? = 0
configure:7133: result: yes
configure:7133: checking for unistd.h
configure:7133: gcc -c   conftest.c >&5
configure:7133: $? = 0
configure:7133: result: yes
configure:7148: checking for dlfcn.h
configure:7148: gcc -c   conftest.c >&5
configure:7148: $? = 0
configure:7148: result: yes
configure:7273: checking for C++ compiler version
configure:7282: g++ --version >&5
i686-apple-darwin11-llvm-g++-4.2 (GCC) 4.2.1 (Based on Apple Inc. build 5658) (LLVM build 2336.11.00)
Copyright (C) 2007 Free Software Foundation, Inc.
This is free software; see the source for copying conditions.  There is NO
warranty; not even for MERCHANTABILITY or FITNESS FOR A PARTICULAR PURPOSE.

configure:7293: $? = 0
configure:7282: g++ -v >&5
Using built-in specs.
Target: i686-apple-darwin11
Configured with: /private/var/tmp/llvmgcc42/llvmgcc42-2336.11~67/src/configure --disable-checking --enable-werror --prefix=/Applications/Xcode.app/Contents/Developer/usr/llvm-gcc-4.2 --mandir=/share/man --enable-languages=c,objc,c++,obj-c++ --program-prefix=llvm- --program-transform-name=/^[cg][^.-]*$/s/$/-4.2/ --with-slibdir=/usr/lib --build=i686-apple-darwin11 --enable-llvm=/private/var/tmp/llvmgcc42/llvmgcc42-2336.11~67/dst-llvmCore/Developer/usr/local --program-prefix=i686-apple-darwin11- --host=x86_64-apple-darwin11 --target=i686-apple-darwin11 --with-gxx-include-dir=/usr/include/c++/4.2.1
Thread model: posix
gcc version 4.2.1 (Based on Apple Inc. build 5658) (LLVM build 2336.11.00)
configure:7293: $? = 0
configure:7282: g++ -V >&5
llvm-g++-4.2: argument to `-V' is missing
configure:7293: $? = 1
configure:7282: g++ -qversion >&5
i686-apple-darwin11-llvm-g++-4.2: no input files
configure:7293: $? = 1
configure:7297: checking whether we are using the GNU C++ compiler
configure:7325: result: yes
configure:7334: checking whether g++ accepts -g
configure:7395: result: yes
configure:7420: checking dependency style of g++
configure:7530: result: gcc3
configure:7553: checking how to run the C++ preprocessor
configure:7580: g++ -E  conftest.cpp
configure:7580: $? = 0
configure:7594: g++ -E  conftest.cpp
conftest.cpp:22:28: error: ac_nonexistent.h: No such file or directory
configure:7594: $? = 1
configure: failed program was:
| /* confdefs.h */
| #define PACKAGE_NAME "Google C++ Testing Framework"
| #define PACKAGE_TARNAME "gtest"
| #define PACKAGE_VERSION "1.4.0"
| #define PACKAGE_STRING "Google C++ Testing Framework 1.4.0"
| #define PACKAGE_BUGREPORT "googletestframework@googlegroups.com"
| #define PACKAGE_URL ""
| #define PACKAGE "gtest"
| #define VERSION "1.4.0"
| #define STDC_HEADERS 1
| #define HAVE_SYS_TYPES_H 1
| #define HAVE_SYS_STAT_H 1
| #define HAVE_STDLIB_H 1
| #define HAVE_STRING_H 1
| #define HAVE_MEMORY_H 1
| #define HAVE_STRINGS_H 1
| #define HAVE_INTTYPES_H 1
| #define HAVE_STDINT_H 1
| #define HAVE_UNISTD_H 1
| #define HAVE_DLFCN_H 1
| /* end confdefs.h.  */
| #include <ac_nonexistent.h>
configure:7619: result: g++ -E
configure:7639: g++ -E  conftest.cpp
configure:7639: $? = 0
configure:7653: g++ -E  conftest.cpp
conftest.cpp:22:28: error: ac_nonexistent.h: No such file or directory
configure:7653: $? = 1
configure: failed program was:
| /* confdefs.h */
| #define PACKAGE_NAME "Google C++ Testing Framework"
| #define PACKAGE_TARNAME "gtest"
| #define PACKAGE_VERSION "1.4.0"
| #define PACKAGE_STRING "Google C++ Testing Framework 1.4.0"
| #define PACKAGE_BUGREPORT "googletestframework@googlegroups.com"
| #define PACKAGE_URL ""
| #define PACKAGE "gtest"
| #define VERSION "1.4.0"
| #define STDC_HEADERS 1
| #define HAVE_SYS_TYPES_H 1
| #define HAVE_SYS_STAT_H 1
| #define HAVE_STDLIB_H 1
| #define HAVE_STRING_H 1
| #define HAVE_MEMORY_H 1
| #define HAVE_STRINGS_H 1
| #define HAVE_INTTYPES_H 1
| #define HAVE_STDINT_H 1
| #define HAVE_UNISTD_H 1
| #define HAVE_DLFCN_H 1
| /* end confdefs.h.  */
| #include <ac_nonexistent.h>
configure:7859: checking for objdir
configure:7874: result: .libs
configure:8166: checking if gcc supports -fno-rtti -fno-exceptions
configure:8184: gcc -c   -fno-rtti -fno-exceptions conftest.c >&5
cc1: warning: command line option "-fno-rtti" is valid for C++/ObjC++ but not for C
configure:8188: $? = 0
configure:8201: result: no
configure:8221: checking for gcc option to produce PIC
configure:8493: result: -fno-common -DPIC
configure:8505: checking if gcc PIC flag -fno-common -DPIC works
configure:8523: gcc -c   -fno-common -DPIC -DPIC conftest.c >&5
configure:8527: $? = 0
configure:8540: result: yes
configure:8564: checking if gcc static flag -static works
configure:8592: result: no
configure:8607: checking if gcc supports -c -o file.o
configure:8628: gcc -c   -o out/conftest2.o conftest.c >&5
configure:8632: $? = 0
configure:8654: result: yes
configure:8662: checking if gcc supports -c -o file.o
configure:8709: result: yes
configure:8742: checking whether the gcc linker (/usr/llvm-gcc-4.2/libexec/gcc/i686-apple-darwin11/4.2.1/ld) supports shared libraries
configure:9733: result: yes
configure:9972: checking dynamic linker characteristics
configure:10635: result: darwin12.2.0 dyld
configure:10737: checking how to hardcode library paths into programs
configure:10762: result: immediate
configure:11282: checking whether stripping libraries is possible
configure:11296: result: yes
configure:11322: checking if libtool supports shared libraries
configure:11324: result: yes
configure:11327: checking whether to build shared libraries
configure:11348: result: no
configure:11351: checking whether to build static libraries
configure:11355: result: yes
configure:11505: checking for ld used by g++
configure:11572: result: /usr/llvm-gcc-4.2/libexec/gcc/i686-apple-darwin11/4.2.1/ld
configure:11579: checking if the linker (/usr/llvm-gcc-4.2/libexec/gcc/i686-apple-darwin11/4.2.1/ld) is GNU ld
configure:11594: result: no
configure:11649: checking whether the g++ linker (/usr/llvm-gcc-4.2/libexec/gcc/i686-apple-darwin11/4.2.1/ld) supports shared libraries
configure:12562: result: yes
configure:12590: g++ -c  -g -DNDEBUG  conftest.cpp >&5
configure:12593: $? = 0
configure:12775: checking for g++ option to produce PIC
configure:13092: result: -fno-common -DPIC
configure:13101: checking if g++ PIC flag -fno-common -DPIC works
configure:13119: g++ -c  -g -DNDEBUG  -fno-common -DPIC -DPIC conftest.cpp >&5
configure:13123: $? = 0
configure:13136: result: yes
configure:13157: checking if g++ static flag -static works
configure:13185: result: no
configure:13197: checking if g++ supports -c -o file.o
configure:13218: g++ -c  -g -DNDEBUG  -o out/conftest2.o conftest.cpp >&5
configure:13222: $? = 0
configure:13244: result: yes
configure:13249: checking if g++ supports -c -o file.o
configure:13296: result: yes
configure:13326: checking whether the g++ linker (/usr/llvm-gcc-4.2/libexec/gcc/i686-apple-darwin11/4.2.1/ld) supports shared libraries
configure:13355: result: yes
configure:13492: checking dynamic linker characteristics
configure:14103: result: darwin12.2.0 dyld
configure:14154: checking how to hardcode library paths into programs
configure:14179: result: immediate
configure:14246: checking for python
configure:14264: found /usr/bin/python
configure:14277: result: /usr/bin/python
configure:14295: /usr/bin/python -c import sys # split strings by '.' and convert to numeric. Append some zeros # because we need at least 4 digits for the hex conversion. # map returns an iterator in Python 3.0 and a list in 2.x minver = list(map(int, '2.3'.split('.'))) + [0, 0, 0] minverhex = 0 # xrange is not present in Python 3.0 and range returns an iterator for i in list(range(0, 4)): minverhex = (minverhex << 8) + minver[i] sys.exit(sys.hexversion < minverhex)
configure:14298: $? = 0
configure:14480: checking for the pthreads library -lpthreads
configure:14513: gcc -o conftest     conftest.c -lpthreads  >&5
ld: library not found for -lpthreads
collect2: ld returned 1 exit status
configure:14513: $? = 1
configure: failed program was:
| /* confdefs.h */
| #define PACKAGE_NAME "Google C++ Testing Framework"
| #define PACKAGE_TARNAME "gtest"
| #define PACKAGE_VERSION "1.4.0"
| #define PACKAGE_STRING "Google C++ Testing Framework 1.4.0"
| #define PACKAGE_BUGREPORT "googletestframework@googlegroups.com"
| #define PACKAGE_URL ""
| #define PACKAGE "gtest"
| #define VERSION "1.4.0"
| #define STDC_HEADERS 1
| #define HAVE_SYS_TYPES_H 1
| #define HAVE_SYS_STAT_H 1
| #define HAVE_STDLIB_H 1
| #define HAVE_STRING_H 1
| #define HAVE_MEMORY_H 1
| #define HAVE_STRINGS_H 1
| #define HAVE_INTTYPES_H 1
| #define HAVE_STDINT_H 1
| #define HAVE_UNISTD_H 1
| #define HAVE_DLFCN_H 1
| #define LT_OBJDIR ".libs/"
| /* end confdefs.h.  */
| #include <pthread.h>
| int
| main ()
| {
| pthread_t th; pthread_join(th, 0);
|                      pthread_attr_init(0); pthread_cleanup_push(0, 0);
|                      pthread_create(0,0,0,0); pthread_cleanup_pop(0);
|   ;
|   return 0;
| }
configure:14522: result: no
configure:14425: checking whether pthreads work without any flags
configure:14513: gcc -o conftest     conftest.c   >&5
configure:14513: $? = 0
configure:14522: result: yes
configure:14541: checking for joinable pthread attribute
configure:14556: gcc -o conftest     conftest.c   >&5
configure:14556: $? = 0
configure:14562: result: PTHREAD_CREATE_JOINABLE
configure:14572: checking if more special flags are required for pthreads
configure:14579: result: -D_THREAD_SAFE
configure:14668: checking whether to check for GCC pthread/shared inconsistencies
configure:14681: gcc -o conftest -shared -fPIC -Wl,-z,defs  -D_THREAD_SAFE    conftest.c   >&5
ld: unknown option: -z
collect2: ld returned 1 exit status
configure:14681: $? = 1
configure: failed program was:
| /* confdefs.h */
| #define PACKAGE_NAME "Google C++ Testing Framework"
| #define PACKAGE_TARNAME "gtest"
| #define PACKAGE_VERSION "1.4.0"
| #define PACKAGE_STRING "Google C++ Testing Framework 1.4.0"
| #define PACKAGE_BUGREPORT "googletestframework@googlegroups.com"
| #define PACKAGE_URL ""
| #define PACKAGE "gtest"
| #define VERSION "1.4.0"
| #define STDC_HEADERS 1
| #define HAVE_SYS_TYPES_H 1
| #define HAVE_SYS_STAT_H 1
| #define HAVE_STDLIB_H 1
| #define HAVE_STRING_H 1
| #define HAVE_MEMORY_H 1
| #define HAVE_STRINGS_H 1
| #define HAVE_INTTYPES_H 1
| #define HAVE_STDINT_H 1
| #define HAVE_UNISTD_H 1
| #define HAVE_DLFCN_H 1
| #define LT_OBJDIR ".libs/"
| /* end confdefs.h.  */
| 
| int
| main ()
| {
| 
|   ;
|   return 0;
| }
configure:14690: result: no
configure:14974: creating ./config.status

## ---------------------- ##
## Running config.status. ##
## ---------------------- ##

This file was extended by Google C++ Testing Framework config.status 1.4.0, which was
generated by GNU Autoconf 2.65.  Invocation command line was

  CONFIG_FILES    = 
  CONFIG_HEADERS  = 
  CONFIG_LINKS    = 
  CONFIG_COMMANDS = 
  $ ./config.status 

on MattBookPro.local

config.status:1130: creating Makefile
config.status:1130: creating scripts/gtest-config
config.status:1130: creating build-aux/config.h
config.status:1302: build-aux/config.h is unchanged
config.status:1350: executing depfiles commands
config.status:1350: executing libtool commands

## ---------------- ##
## Cache variables. ##
## ---------------- ##

ac_cv_build=i386-apple-darwin12.2.0
ac_cv_c_compiler_gnu=yes
ac_cv_cxx_compiler_gnu=yes
ac_cv_env_CCC_set=
ac_cv_env_CCC_value=
ac_cv_env_CC_set=
ac_cv_env_CC_value=
ac_cv_env_CFLAGS_set=set
ac_cv_env_CFLAGS_value=
ac_cv_env_CPPFLAGS_set=
ac_cv_env_CPPFLAGS_value=
ac_cv_env_CPP_set=
ac_cv_env_CPP_value=
ac_cv_env_CXXCPP_set=
ac_cv_env_CXXCPP_value=
ac_cv_env_CXXFLAGS_set=set
ac_cv_env_CXXFLAGS_value=' -g -DNDEBUG'
ac_cv_env_CXX_set=
ac_cv_env_CXX_value=
ac_cv_env_LDFLAGS_set=
ac_cv_env_LDFLAGS_value=
ac_cv_env_LIBS_set=
ac_cv_env_LIBS_value=
ac_cv_env_build_alias_set=
ac_cv_env_build_alias_value=
ac_cv_env_host_alias_set=
ac_cv_env_host_alias_value=
ac_cv_env_target_alias_set=
ac_cv_env_target_alias_value=
ac_cv_header_dlfcn_h=yes
ac_cv_header_inttypes_h=yes
ac_cv_header_memory_h=yes
ac_cv_header_stdc=yes
ac_cv_header_stdint_h=yes
ac_cv_header_stdlib_h=yes
ac_cv_header_string_h=yes
ac_cv_header_strings_h=yes
ac_cv_header_sys_stat_h=yes
ac_cv_header_sys_types_h=yes
ac_cv_header_unistd_h=yes
ac_cv_host=i386-apple-darwin12.2.0
ac_cv_objext=o
ac_cv_path_EGREP='/usr/bin/grep -E'
ac_cv_path_FGREP='/usr/bin/grep -F'
ac_cv_path_GREP=/usr/bin/grep
ac_cv_path_PYTHON=/usr/bin/python
ac_cv_path_SED=/usr/bin/sed
ac_cv_path_install='/usr/bin/install -c'
ac_cv_prog_AWK=awk
ac_cv_prog_CPP='gcc -E'
ac_cv_prog_CXXCPP='g++ -E'
ac_cv_prog_ac_ct_AR=ar
ac_cv_prog_ac_ct_CC=gcc
ac_cv_prog_ac_ct_CXX=g++
ac_cv_prog_ac_ct_DSYMUTIL=dsymutil
ac_cv_prog_ac_ct_LIPO=lipo
ac_cv_prog_ac_ct_NMEDIT=nmedit
ac_cv_prog_ac_ct_OTOOL=otool
ac_cv_prog_ac_ct_RANLIB=ranlib
ac_cv_prog_ac_ct_STRIP=strip
ac_cv_prog_cc_c89=
ac_cv_prog_cc_g=yes
ac_cv_prog_cxx_g=yes
ac_cv_prog_make_make_set=yes
am_cv_CC_dependencies_compiler_type=gcc3
am_cv_CXX_dependencies_compiler_type=gcc3
lt_cv_apple_cc_single_mod=yes
lt_cv_deplibs_check_method=pass_all
lt_cv_file_magic_cmd='$MAGIC_CMD'
lt_cv_file_magic_test_file=
lt_cv_ld_exported_symbols_list=yes
lt_cv_ld_reload_flag=-r
lt_cv_nm_interface='BSD nm'
lt_cv_objdir=.libs
lt_cv_path_LD=/usr/llvm-gcc-4.2/libexec/gcc/i686-apple-darwin11/4.2.1/ld
lt_cv_path_LDCXX=/usr/llvm-gcc-4.2/libexec/gcc/i686-apple-darwin11/4.2.1/ld
lt_cv_path_NM=/usr/bin/nm
lt_cv_prog_compiler_c_o=yes
lt_cv_prog_compiler_c_o_CXX=yes
lt_cv_prog_compiler_pic_works=yes
lt_cv_prog_compiler_pic_works_CXX=yes
lt_cv_prog_compiler_rtti_exceptions=no
lt_cv_prog_compiler_static_works=no
lt_cv_prog_compiler_static_works_CXX=no
lt_cv_prog_gnu_ld=no
lt_cv_prog_gnu_ldcxx=no
lt_cv_sys_global_symbol_pipe='sed -n -e '\''s/^.*[	 ]\([BCDEGRST][BCDEGRST]*\)[	 ][	 ]*_\([_A-Za-z][_A-Za-z0-9]*\)$/\1 _\2 \2/p'\'''
lt_cv_sys_global_symbol_to_c_name_address='sed -n -e '\''s/^: \([^ ]*\) $/  {\"\1\", (void *) 0},/p'\'' -e '\''s/^[BCDEGRST]* \([^ ]*\) \([^ ]*\)$/  {"\2", (void *) \&\2},/p'\'''
lt_cv_sys_global_symbol_to_c_name_address_lib_prefix='sed -n -e '\''s/^: \([^ ]*\) $/  {\"\1\", (void *) 0},/p'\'' -e '\''s/^[BCDEGRST]* \([^ ]*\) \(lib[^ ]*\)$/  {"\2", (void *) \&\2},/p'\'' -e '\''s/^[BCDEGRST]* \([^ ]*\) \([^ ]*\)$/  {"lib\2", (void *) \&\2},/p'\'''
lt_cv_sys_global_symbol_to_cdecl='sed -n -e '\''s/^T .* \(.*\)$/extern int \1();/p'\'' -e '\''s/^[BCDEGRST]* .* \(.*\)$/extern char \1;/p'\'''
lt_cv_sys_max_cmd_len=196608

## ----------------- ##
## Output variables. ##
## ----------------- ##

ACLOCAL='${SHELL} /Users/matt/Repositories/libphonenumber-ios/protobuf/gtest/build-aux/missing --run aclocal-1.11'
AMDEPBACKSLASH='\'
AMDEP_FALSE='#'
AMDEP_TRUE=''
AMTAR='${SHELL} /Users/matt/Repositories/libphonenumber-ios/protobuf/gtest/build-aux/missing --run tar'
AR='ar'
AUTOCONF='${SHELL} /Users/matt/Repositories/libphonenumber-ios/protobuf/gtest/build-aux/missing --run autoconf'
AUTOHEADER='${SHELL} /Users/matt/Repositories/libphonenumber-ios/protobuf/gtest/build-aux/missing --run autoheader'
AUTOMAKE='${SHELL} /Users/matt/Repositories/libphonenumber-ios/protobuf/gtest/build-aux/missing --run automake-1.11'
AWK='awk'
CC='gcc'
CCDEPMODE='depmode=gcc3'
CFLAGS=''
CPP='gcc -E'
CPPFLAGS=''
CXX='g++'
CXXCPP='g++ -E'
CXXDEPMODE='depmode=gcc3'
CXXFLAGS=' -g -DNDEBUG'
CYGPATH_W='echo'
DEFS='-DHAVE_CONFIG_H'
DEPDIR='.deps'
DSYMUTIL='dsymutil'
DUMPBIN=''
ECHO_C='\c'
ECHO_N=''
ECHO_T=''
EGREP='/usr/bin/grep -E'
EXEEXT=''
FGREP='/usr/bin/grep -F'
GREP='/usr/bin/grep'
HAVE_PYTHON_FALSE='#'
HAVE_PYTHON_TRUE=''
INSTALL_DATA='${INSTALL} -m 644'
INSTALL_PROGRAM='${INSTALL}'
INSTALL_SCRIPT='${INSTALL}'
INSTALL_STRIP_PROGRAM='$(install_sh) -c -s'
LD='/usr/llvm-gcc-4.2/libexec/gcc/i686-apple-darwin11/4.2.1/ld'
LDFLAGS=''
LIBOBJS=''
LIBS=''
LIBTOOL='$(SHELL) $(top_builddir)/libtool'
LIPO='lipo'
LN_S='ln -s'
LTLIBOBJS=''
MAKEINFO='${SHELL} /Users/matt/Repositories/libphonenumber-ios/protobuf/gtest/build-aux/missing --run makeinfo'
MKDIR_P='build-aux/install-sh -c -d'
NM='/usr/bin/nm'
NMEDIT='nmedit'
OBJDUMP='false'
OBJEXT='o'
OTOOL64=':'
OTOOL='otool'
PACKAGE='gtest'
PACKAGE_BUGREPORT='googletestframework@googlegroups.com'
PACKAGE_NAME='Google C++ Testing Framework'
PACKAGE_STRING='Google C++ Testing Framework 1.4.0'
PACKAGE_TARNAME='gtest'
PACKAGE_URL=''
PACKAGE_VERSION='1.4.0'
PATH_SEPARATOR=':'
PTHREAD_CC='gcc'
PTHREAD_CFLAGS='-D_THREAD_SAFE '
PTHREAD_LIBS=''
PYTHON='/usr/bin/python'
RANLIB='ranlib'
SED='/usr/bin/sed'
SET_MAKE=''
SHELL='/bin/sh'
STRIP='strip'
VERSION='1.4.0'
ac_ct_CC='gcc'
ac_ct_CXX='g++'
ac_ct_DUMPBIN=''
acx_pthread_config=''
am__EXEEXT_FALSE=''
am__EXEEXT_TRUE='#'
am__fastdepCC_FALSE='#'
am__fastdepCC_TRUE=''
am__fastdepCXX_FALSE='#'
am__fastdepCXX_TRUE=''
am__include='include'
am__isrc=''
am__leading_dot='.'
am__quote=''
am__tar='${AMTAR} chof - "$$tardir"'
am__untar='${AMTAR} xf -'
bindir='${exec_prefix}/bin'
build='i386-apple-darwin12.2.0'
build_alias=''
build_cpu='i386'
build_os='darwin12.2.0'
build_vendor='apple'
datadir='${datarootdir}'
datarootdir='${prefix}/share'
docdir='${datarootdir}/doc/${PACKAGE_TARNAME}'
dvidir='${docdir}'
exec_prefix='${prefix}'
host='i386-apple-darwin12.2.0'
host_alias=''
host_cpu='i386'
host_os='darwin12.2.0'
host_vendor='apple'
htmldir='${docdir}'
includedir='${prefix}/include'
infodir='${datarootdir}/info'
install_sh='${SHELL} /Users/matt/Repositories/libphonenumber-ios/protobuf/gtest/build-aux/install-sh'
libdir='${exec_prefix}/lib'
libexecdir='${exec_prefix}/libexec'
localedir='${datarootdir}/locale'
localstatedir='${prefix}/var'
lt_ECHO='/bin/echo'
mandir='${datarootdir}/man'
mkdir_p='$(top_builddir)/build-aux/install-sh -c -d'
oldincludedir='/usr/include'
pdfdir='${docdir}'
prefix='/usr/local'
program_transform_name='s,x,x,'
psdir='${docdir}'
sbindir='${exec_prefix}/sbin'
sharedstatedir='${prefix}/com'
sysconfdir='${prefix}/etc'
target_alias=''

## ----------- ##
## confdefs.h. ##
## ----------- ##

/* confdefs.h */
#define PACKAGE_NAME "Google C++ Testing Framework"
#define PACKAGE_TARNAME "gtest"
#define PACKAGE_VERSION "1.4.0"
#define PACKAGE_STRING "Google C++ Testing Framework 1.4.0"
#define PACKAGE_BUGREPORT "googletestframework@googlegroups.com"
#define PACKAGE_URL ""
#define PACKAGE "gtest"
#define VERSION "1.4.0"
#define STDC_HEADERS 1
#define HAVE_SYS_TYPES_H 1
#define HAVE_SYS_STAT_H 1
#define HAVE_STDLIB_H 1
#define HAVE_STRING_H 1
#define HAVE_MEMORY_H 1
#define HAVE_STRINGS_H 1
#define HAVE_INTTYPES_H 1
#define HAVE_STDINT_H 1
#define HAVE_UNISTD_H 1
#define HAVE_DLFCN_H 1
#define LT_OBJDIR ".libs/"
#define HAVE_PTHREAD 1

configure: exit 0
